INT int
WAIN wain
LPAREN (
INT int
ID a
COMMA ,
INT int
ID b
RPAREN )
LBRACE {
INT int
ID bb
BECOMES =
ZERO 0
SEMI ;
INT int
ID c
BECOMES =
ZERO 0
SEMI ;
INT int
ID i
SEMI ;
INT int
IF if
SEMI ;
INT int
ID iff
SEMI ;
INT int
ID whil
SEMI ;
INT int
ID whilex
SEMI ;
INT int
ID ifwhile
SEMI ;
INT int
ID ifreturn
SEMI ;
INT int
ID if123
SEMI ;
ID bb
BECOMES =
ID b
SEMI ;
ID c
BECOMES =
NUM 16
SEMI ;
WHILE while
LPAREN (
ID a
GT >
ZERO 0
RPAREN )
LBRACE {
PRINTLN println
LPAREN (
ID a
RPAREN )
SEMI ;
ID b
BECOMES =
ID bb
SEMI ;
WHILE while
LPAREN (
ID b
GT >
ZERO 0
RPAREN )
LBRACE {
COMMENT //+ b
ID b
BECOMES =
ID b
MINUS -
NUM 1
SEMI ;
ID c
BECOMES =
ID c
PLUS +
NUM 1
SEMI ;
RBRACE }
COMMENT //+a
ID a
BECOMES =
ID a
MINUS -
NUM 1
SEMI ;
COMMENT //+a
RBRACE }
RETURN return
ID c
SEMI ;
RBRACE }
