setT( ST_START,      "W",            ST_W           );
setT( ST_START,      "H",            ST_WH          );
setT( ST_START,      "I",            ST_WHI         );
setT( ST_START,      "L",            ST_WHIL        );
setT( ST_START,      "E",            ST_WHILE       );
setT( ST_START,      "W",            ST_W           );
setT( ST_START,      "A",            ST_WA          );
setT( ST_START,      "I",            ST_WAI         );
setT( ST_START,      "N",            ST_WAIN        );
setT( ST_START,      "I",            ST_I           );
setT( ST_START,      "N",            ST_IN          );
setT( ST_START,      "T",            ST_INT         );
setT( ST_START,      "I",            ST_I           );
setT( ST_START,      "F",            ST_IF          );
setT( ST_START,      "E",            ST_E           );
setT( ST_START,      "L",            ST_EL          );
setT( ST_START,      "S",            ST_ELS         );
setT( ST_START,      "E",            ST_ELSE        );
setT( ST_START,      "P",            ST_P           );
setT( ST_START,      "R",            ST_PR          );
setT( ST_START,      "I",            ST_PRI         );
setT( ST_START,      "N",            ST_PRIN        );
setT( ST_START,      "T",            ST_PRINT       );
setT( ST_START,      "L",            ST_PRINTL      );
setT( ST_START,      "N",            ST_PRINTLN     );
setT( ST_START,      "N",            ST_N           );
setT( ST_START,      "U",            ST_NU          );
setT( ST_START,      "L",            ST_NUL         );
setT( ST_START,      "L",            ST_NULL        );
setT( ST_START,      "N",            ST_N           );
setT( ST_START,      "E",            ST_NE          );
setT( ST_START,      "W",            ST_NEW         );
setT( ST_START,      "D",            ST_D           );
setT( ST_START,      "E",            ST_DE          );
setT( ST_START,      "L",            ST_DEL         );
setT( ST_START,      "E",            ST_DELE        );
setT( ST_START,      "T",            ST_DELET       );
setT( ST_START,      "E",            ST_DELETE      );
